


ARM Macro Assembler    Page 1 


    1 00000000         
    2 00000000                 EXPORT           Enable_Performance_Monitor
    3 00000000                 EXPORT           Performance_Monitor_Start
    4 00000000                 EXPORT           Performance_Monitor_Stop
    5 00000000                 EXPORT           Performance_Monitor_Read_Counte
r0
    6 00000000                 EXPORT           Performance_Monitor_Read_Counte
r1
    7 00000000                 EXPORT           Performance_Monitor_Read_Counte
r2
    8 00000000                 EXPORT           Performance_Monitor_Read_CycleC
ount
    9 00000000         
   10 00000000         
   11 00000000                 AREA             |.text|, CODE, READONLY
   12 00000000                 ARM
   13 00000000         
   14 00000000         Enable_Performance_Monitor
   15 00000000 E3A00000        MOV              r0, #0
   16 00000004 EE090FBC        MCR              p15, #0, r0, c9, c12, #5 ; Writ
                                                            e PMNXSEL Register 
                                                            = select performanc
                                                            e monitor counter #
                                                            0
   17 00000008 E3A00001        MOV              r0, #0x01   ; select I$ miss
   18 0000000C EE090F3D        MCR              p15, #0, r0, c9, c13, #1 ; Writ
                                                            e EVTSELx Register
   19 00000010         
   20 00000010 E3A00001        MOV              r0, #1
   21 00000014 EE090FBC        MCR              p15, #0, r0, c9, c12, #5 ; Writ
                                                            e PMNXSEL Register 
                                                            = select performanc
                                                            e monitor counter #
                                                            1
   22 00000018 E3A00003        MOV              r0, #0x03   ; # D$ miss
   23 0000001C EE090F3D        MCR              p15, #0, r0, c9, c13, #1 ; Writ
                                                            e EVTSELx Register
   24 00000020         
   25 00000020 E3A00002        MOV              r0, #2
   26 00000024 EE090FBC        MCR              p15, #0, r0, c9, c12, #5 ; Writ
                                                            e PMNXSEL Register 
                                                            = select performanc
                                                            e monitor counter #
                                                            2"
   27 00000028 E3A00008        MOV              r0, #0x08   ; Instruction archi
                                                            tecturally executed
                                                            
   28 0000002C EE090F3D        MCR              p15, #0, r0, c9, c13, #1 ; Writ
                                                            e EVTSELx Register
   29 00000030         
   30 00000030 EE190F1C        MRC              p15, #0, r0, c9, c12, #0 ; Read
                                                             PMNC Register
   31 00000034 E3800007        ORR              r0, r0, #7  ; reset cycle + per
                                                            formance counters a
                                                            nd enable
   32 00000038 EE090F1C        MCR              p15, #0, r0, c9, c12, #0 ; Writ
                                                            e PMNC Register
   33 0000003C E12FFF1E        BX               LR
   34 00000040         



ARM Macro Assembler    Page 2 


   35 00000040         Performance_Monitor_Start
   36 00000040         
   37 00000040 EE190F3C        MRC              p15, #0, r0, c9, c12, #1 ; Read
                                                             CNTENS Register
   38 00000044 E3800007        ORR              r0, r0, #7  ; Enable counters 0
                                                            ,1,2
   39 00000048 E3800102        ORR              r0, r0, #0x80000000 ; Enable cy
                                                            cle counter
   40 0000004C EE090F3C        MCR              p15, #0, r0, c9, c12, #1 ; Writ
                                                            e CNTENS Register
   41 00000050 E12FFF1E        BX               LR          ;
   42 00000054         
   43 00000054         Performance_Monitor_Stop
   44 00000054         
   45 00000054         
   46 00000054 EE190F5C        MRC              p15, #0, r0, c9, c12, #2 ; Read
                                                             CNTENC Register 
   47 00000058 E3800007        ORR              r0, r0, #7  ; Disable counters 
                                                            0,1,2 
   48 0000005C E3800102        ORR              r0, r0, #0x80000000 ; Disable c
                                                            ycle counter 
   49 00000060 EE090F5C        MCR              p15, #0, r0, c9, c12, #2 ; Writ
                                                            e CNTENC Register")
                                                            ;
   50 00000064 E12FFF1E        BX               LR
   51 00000068         
   52 00000068         
   53 00000068         Performance_Monitor_Read_Counter0
   54 00000068         
   55 00000068 E3A00000        MOV              r0, #0
   56 0000006C EE090FBC        MCR              p15, #0, r0, c9, c12, #5 ; Writ
                                                            e PMNXSEL Register 
                                                            = select performanc
                                                            e monitor counter #
                                                            0 
   57 00000070 EE190F5D        MRC              p15, #0, r0, c9, c13, #2 ; Read
                                                             current PMNx Regis
                                                            ter   
   58 00000074 E12FFF1E        BX               LR          ;
   59 00000078         
   60 00000078         
   61 00000078         Performance_Monitor_Read_Counter1
   62 00000078         
   63 00000078 E3A00001        MOV              r0, #1
   64 0000007C EE090FBC        MCR              p15, #0, r0, c9, c12, #5 ; Writ
                                                            e PMNXSEL Register 
                                                            = select performanc
                                                            e monitor counter #
                                                            1 
   65 00000080 EE190F5D        MRC              p15, #0, r0, c9, c13, #2 ; Read
                                                             current PMNx Regis
                                                            ter   
   66 00000084 E12FFF1E        BX               LR
   67 00000088         
   68 00000088         
   69 00000088         
   70 00000088         Performance_Monitor_Read_Counter2
   71 00000088         
   72 00000088 E3A00002        MOV              r0, #2



ARM Macro Assembler    Page 3 


   73 0000008C EE090FBC        MCR              p15, #0, r0, c9, c12, #5 ; Writ
                                                            e PMNXSEL Register 
                                                            = select performanc
                                                            e monitor counter #
                                                            2 
   74 00000090 EE190F5D        MRC              p15, #0, r0, c9, c13, #2 ; Read
                                                             current PMNx Regis
                                                            ter   
   75 00000094 E12FFF1E        BX               LR
   76 00000098         
   77 00000098         
   78 00000098         
   79 00000098         
   80 00000098         Performance_Monitor_Read_CycleCount
   81 00000098         
   82 00000098         
   83 00000098 EE190F1D        MRC              p15, #0, r0, c9, c13, #0 ; Read
                                                             CCNT Register   
   84 0000009C E12FFF1E        BX               LR
   85 000000A0         
   86 000000A0                 END
Command Line: --debug --xref --cpu=Cortex-R4F --bi --apcs=interwork --depend=.\
debug\perf_monitor_r4.d -o.\debug\perf_monitor_r4.o -Id:\Keil\ARM\RV31\Inc -Id:
\Keil\ARM\CMSIS\Include -Id:\Keil\ARM\Inc\TI --list=.\debug\perf_monitor_r4.lst
 ..\..\perf_monitor_r4.s



ARM Macro Assembler    Page 1 Alphabetic symbol ordering
Relocatable symbols

.text 00000000

Symbol: .text
   Definitions
      At line 11 in file ..\..\perf_monitor_r4.s
   Uses
      None
Comment: .text unused
Enable_Performance_Monitor 00000000

Symbol: Enable_Performance_Monitor
   Definitions
      At line 14 in file ..\..\perf_monitor_r4.s
   Uses
      At line 2 in file ..\..\perf_monitor_r4.s
Comment: Enable_Performance_Monitor used once
Performance_Monitor_Read_Counter0 00000068

Symbol: Performance_Monitor_Read_Counter0
   Definitions
      At line 53 in file ..\..\perf_monitor_r4.s
   Uses
      At line 5 in file ..\..\perf_monitor_r4.s
Comment: Performance_Monitor_Read_Counter0 used once
Performance_Monitor_Read_Counter1 00000078

Symbol: Performance_Monitor_Read_Counter1
   Definitions
      At line 61 in file ..\..\perf_monitor_r4.s
   Uses
      At line 6 in file ..\..\perf_monitor_r4.s
Comment: Performance_Monitor_Read_Counter1 used once
Performance_Monitor_Read_Counter2 00000088

Symbol: Performance_Monitor_Read_Counter2
   Definitions
      At line 70 in file ..\..\perf_monitor_r4.s
   Uses
      At line 7 in file ..\..\perf_monitor_r4.s
Comment: Performance_Monitor_Read_Counter2 used once
Performance_Monitor_Read_CycleCount 00000098

Symbol: Performance_Monitor_Read_CycleCount
   Definitions
      At line 80 in file ..\..\perf_monitor_r4.s
   Uses
      At line 8 in file ..\..\perf_monitor_r4.s
Comment: Performance_Monitor_Read_CycleCount used once
Performance_Monitor_Start 00000040

Symbol: Performance_Monitor_Start
   Definitions
      At line 35 in file ..\..\perf_monitor_r4.s
   Uses
      At line 3 in file ..\..\perf_monitor_r4.s
Comment: Performance_Monitor_Start used once
Performance_Monitor_Stop 00000054

Symbol: Performance_Monitor_Stop



ARM Macro Assembler    Page 2 Alphabetic symbol ordering
Relocatable symbols

   Definitions
      At line 43 in file ..\..\perf_monitor_r4.s
   Uses
      At line 4 in file ..\..\perf_monitor_r4.s
Comment: Performance_Monitor_Stop used once
8 symbols
339 symbols in table
